<?xml version="1.0" encoding="UTF-8"?>
<!-- Generated by org.testng.reporters.JUnitXMLReporter -->
<testsuite ignored="2" hostname="DESKTOP-GKPSUJA" failures="0" tests="6" name="Test" time="0.518" errors="0" timestamp="2023-03-18T15:08:51 IST">
  <testcase classname="test.BaseTest" name="@BeforeSuite initBrowser" time="8.19">
    <failure type="org.openqa.selenium.remote.http.ConnectionFailedException" message="Unable to establish websocket connection to http://localhost:4850/devtools/browser/e990291c-967a-47d9-b1d1-4188d230c2bd
Build info: version: &amp;apos;4.7.2&amp;apos;, revision: &amp;apos;4d4020c3b7&amp;apos;
System info: os.name: &amp;apos;Windows 10&amp;apos;, os.arch: &amp;apos;amd64&amp;apos;, os.version: &amp;apos;10.0&amp;apos;, java.version: &amp;apos;15.0.1&amp;apos;
Driver info: driver.version: ChromeDriver">
      <![CDATA[org.openqa.selenium.remote.http.ConnectionFailedException: Unable to establish websocket connection to http://localhost:4850/devtools/browser/e990291c-967a-47d9-b1d1-4188d230c2bd
Build info: version: '4.7.2', revision: '4d4020c3b7'
System info: os.name: 'Windows 10', os.arch: 'amd64', os.version: '10.0', java.version: '15.0.1'
Driver info: driver.version: ChromeDriver
at org.openqa.selenium.remote.http.netty.NettyWebSocket.<init>(NettyWebSocket.java:102)
at org.openqa.selenium.remote.http.netty.NettyWebSocket.lambda$create$3(NettyWebSocket.java:128)
at org.openqa.selenium.remote.http.netty.NettyClient.openSocket(NettyClient.java:107)
at org.openqa.selenium.devtools.Connection.<init>(Connection.java:78)
at org.openqa.selenium.chromium.ChromiumDriver.lambda$new$2(ChromiumDriver.java:116)
at java.base/java.util.Optional.map(Optional.java:258)
at org.openqa.selenium.chromium.ChromiumDriver.<init>(ChromiumDriver.java:114)
at org.openqa.selenium.chrome.ChromeDriver.<init>(ChromeDriver.java:82)
at org.openqa.selenium.chrome.ChromeDriver.<init>(ChromeDriver.java:71)
at test.BaseTest.browserName(BaseTest.java:38)
at test.BaseTest.initBrowser(BaseTest.java:48)
... Removed 19 stack frames]]>
    </failure>
  </testcase> <!-- @BeforeSuite initBrowser -->
  <testcase classname="test.BaseTest" name="@BeforeClass pageObjects" time="0.0">
    <skipped/>
  </testcase> <!-- @BeforeClass pageObjects -->
  <testcase classname="test.BaseTest" name="@AfterClass logOut" time="0.0">
    <skipped/>
  </testcase> <!-- @AfterClass logOut -->
  <testcase classname="test.BaseTest" name="@BeforeClass pageObjects" time="0.0">
    <skipped/>
  </testcase> <!-- @BeforeClass pageObjects -->
  <testcase classname="test.CommonTest" name="@BeforeClass login" time="0.0">
    <skipped/>
  </testcase> <!-- @BeforeClass login -->
  <testcase classname="test.BaseTest" name="@AfterClass logOut" time="0.0">
    <skipped/>
  </testcase> <!-- @AfterClass logOut -->
  <testcase classname="test.LoginTest" name="verifyTitleOfBuild" time="0.0">
    <skipped/>
  </testcase> <!-- verifyTitleOfBuild -->
  <testcase classname="test.LoginTest" name="verifyTitleofPage" time="0.0">
    <skipped/>
  </testcase> <!-- verifyTitleofPage -->
  <testcase classname="test.LoginTest" name="verifyCurrentUrlofPage" time="0.001">
    <skipped/>
  </testcase> <!-- verifyCurrentUrlofPage -->
  <testcase classname="test.LoginTest" name="verifyLoginWithCorrectCredentials" time="0.0">
    <skipped/>
  </testcase> <!-- verifyLoginWithCorrectCredentials -->
  <testcase classname="test.PIMTest" name="verifyTitleOfPIMPage" time="0.0">
    <skipped/>
  </testcase> <!-- verifyTitleOfPIMPage -->
  <testcase classname="test.PIMTest" name="verifyEmpSearchEmpName" time="0.0">
    <skipped/>
  </testcase> <!-- verifyEmpSearchEmpName -->
  <testcase classname="test.BaseTest" name="@AfterSuite tearDownEnvironment" time="0.0">
    <ignored/>
  </testcase> <!-- @AfterSuite tearDownEnvironment -->
  <testcase classname="test.BaseTest" name="@BeforeSuite initBrowser" time="0.0">
    <ignored/>
  </testcase> <!-- @BeforeSuite initBrowser -->
</testsuite> <!-- Test -->
